C:\Users\partha\Documents\Visual Studio 2017\Projects\dotnetcoreandAngular5\dotnetcoreandAngular5\AngularApp\dist\out-tsc\src\model\product.js
C:\Users\partha\Documents\Visual Studio 2017\Projects\dotnetcoreandAngular5\dotnetcoreandAngular5\AngularApp\dist\out-tsc\src\model\product.js.map
C:\Users\partha\Documents\Visual Studio 2017\Projects\dotnetcoreandAngular5\dotnetcoreandAngular5\AngularApp\dist\out-tsc\src\services\edit.services.js
C:\Users\partha\Documents\Visual Studio 2017\Projects\dotnetcoreandAngular5\dotnetcoreandAngular5\AngularApp\dist\out-tsc\src\services\edit.services.js.map
C:\Users\partha\Documents\Visual Studio 2017\Projects\dotnetcoreandAngular5\dotnetcoreandAngular5\AngularApp\dist\out-tsc\src\services\stock-data.services.js
C:\Users\partha\Documents\Visual Studio 2017\Projects\dotnetcoreandAngular5\dotnetcoreandAngular5\AngularApp\dist\out-tsc\src\services\stock-data.services.js.map
C:\Users\partha\Documents\Visual Studio 2017\Projects\dotnetcoreandAngular5\dotnetcoreandAngular5\AngularApp\dist\out-tsc\src\app\app.component.js
C:\Users\partha\Documents\Visual Studio 2017\Projects\dotnetcoreandAngular5\dotnetcoreandAngular5\AngularApp\dist\out-tsc\src\app\app.component.js.map
C:\Users\partha\Documents\Visual Studio 2017\Projects\dotnetcoreandAngular5\dotnetcoreandAngular5\AngularApp\dist\out-tsc\src\app\app.module.js
C:\Users\partha\Documents\Visual Studio 2017\Projects\dotnetcoreandAngular5\dotnetcoreandAngular5\AngularApp\dist\out-tsc\src\app\app.module.js.map
C:\Users\partha\Documents\Visual Studio 2017\Projects\dotnetcoreandAngular5\dotnetcoreandAngular5\AngularApp\dist\out-tsc\src\environments\environment.js
C:\Users\partha\Documents\Visual Studio 2017\Projects\dotnetcoreandAngular5\dotnetcoreandAngular5\AngularApp\dist\out-tsc\src\environments\environment.js.map
C:\Users\partha\Documents\Visual Studio 2017\Projects\dotnetcoreandAngular5\dotnetcoreandAngular5\AngularApp\dist\out-tsc\src\main.js
C:\Users\partha\Documents\Visual Studio 2017\Projects\dotnetcoreandAngular5\dotnetcoreandAngular5\AngularApp\dist\out-tsc\src\main.js.map
C:\Users\partha\Documents\Visual Studio 2017\Projects\dotnetcoreandAngular5\dotnetcoreandAngular5\AngularApp\dist\out-tsc\src\polyfills.js
C:\Users\partha\Documents\Visual Studio 2017\Projects\dotnetcoreandAngular5\dotnetcoreandAngular5\AngularApp\dist\out-tsc\src\polyfills.js.map
C:\Users\partha\Documents\Visual Studio 2017\Projects\dotnetcoreandAngular5\dotnetcoreandAngular5\AngularApp\dist\out-tsc\src\test.js
C:\Users\partha\Documents\Visual Studio 2017\Projects\dotnetcoreandAngular5\dotnetcoreandAngular5\AngularApp\dist\out-tsc\src\test.js.map
C:\Users\partha\Documents\Visual Studio 2017\Projects\dotnetcoreandAngular5\dotnetcoreandAngular5\AngularApp\dist\out-tsc\src\environments\environment.prod.js
C:\Users\partha\Documents\Visual Studio 2017\Projects\dotnetcoreandAngular5\dotnetcoreandAngular5\AngularApp\dist\out-tsc\src\environments\environment.prod.js.map
C:\Users\partha\Documents\Visual Studio 2017\Projects\dotnetcoreandAngular5\dotnetcoreandAngular5\AngularApp\dist\out-tsc\src\app\app.component.spec.js
C:\Users\partha\Documents\Visual Studio 2017\Projects\dotnetcoreandAngular5\dotnetcoreandAngular5\AngularApp\dist\out-tsc\src\app\app.component.spec.js.map
C:\Users\partha\Documents\Visual Studio 2017\Projects\dotnetcoreandAngular5\dotnetcoreandAngular5\AngularApp\dist\out-tsc\e2e\app.po.js
C:\Users\partha\Documents\Visual Studio 2017\Projects\dotnetcoreandAngular5\dotnetcoreandAngular5\AngularApp\dist\out-tsc\e2e\app.po.js.map
C:\Users\partha\Documents\Visual Studio 2017\Projects\dotnetcoreandAngular5\dotnetcoreandAngular5\AngularApp\dist\out-tsc\e2e\app.e2e-spec.js
C:\Users\partha\Documents\Visual Studio 2017\Projects\dotnetcoreandAngular5\dotnetcoreandAngular5\AngularApp\dist\out-tsc\e2e\app.e2e-spec.js.map
C:\Users\partha\Documents\Visual Studio 2017\Projects\dotnetcoreandAngular5\dotnetcoreandAngular5\AngularApp\dist\out-tsc\src\model\product.js
C:\Users\partha\Documents\Visual Studio 2017\Projects\dotnetcoreandAngular5\dotnetcoreandAngular5\AngularApp\dist\out-tsc\src\model\product.js.map
C:\Users\partha\Documents\Visual Studio 2017\Projects\dotnetcoreandAngular5\dotnetcoreandAngular5\AngularApp\dist\out-tsc\src\services\edit.services.js
C:\Users\partha\Documents\Visual Studio 2017\Projects\dotnetcoreandAngular5\dotnetcoreandAngular5\AngularApp\dist\out-tsc\src\services\edit.services.js.map
C:\Users\partha\Documents\Visual Studio 2017\Projects\dotnetcoreandAngular5\dotnetcoreandAngular5\AngularApp\dist\out-tsc\src\services\stock-data.services.js
C:\Users\partha\Documents\Visual Studio 2017\Projects\dotnetcoreandAngular5\dotnetcoreandAngular5\AngularApp\dist\out-tsc\src\services\stock-data.services.js.map
C:\Users\partha\Documents\Visual Studio 2017\Projects\dotnetcoreandAngular5\dotnetcoreandAngular5\AngularApp\dist\out-tsc\src\app\app.component.js
C:\Users\partha\Documents\Visual Studio 2017\Projects\dotnetcoreandAngular5\dotnetcoreandAngular5\AngularApp\dist\out-tsc\src\app\app.component.js.map
C:\Users\partha\Documents\Visual Studio 2017\Projects\dotnetcoreandAngular5\dotnetcoreandAngular5\AngularApp\dist\out-tsc\src\app\app.module.js
C:\Users\partha\Documents\Visual Studio 2017\Projects\dotnetcoreandAngular5\dotnetcoreandAngular5\AngularApp\dist\out-tsc\src\app\app.module.js.map
C:\Users\partha\Documents\Visual Studio 2017\Projects\dotnetcoreandAngular5\dotnetcoreandAngular5\AngularApp\dist\out-tsc\src\environments\environment.js
C:\Users\partha\Documents\Visual Studio 2017\Projects\dotnetcoreandAngular5\dotnetcoreandAngular5\AngularApp\dist\out-tsc\src\environments\environment.js.map
C:\Users\partha\Documents\Visual Studio 2017\Projects\dotnetcoreandAngular5\dotnetcoreandAngular5\AngularApp\dist\out-tsc\src\main.js
C:\Users\partha\Documents\Visual Studio 2017\Projects\dotnetcoreandAngular5\dotnetcoreandAngular5\AngularApp\dist\out-tsc\src\main.js.map
C:\Users\partha\Documents\Visual Studio 2017\Projects\dotnetcoreandAngular5\dotnetcoreandAngular5\AngularApp\dist\out-tsc\src\polyfills.js
C:\Users\partha\Documents\Visual Studio 2017\Projects\dotnetcoreandAngular5\dotnetcoreandAngular5\AngularApp\dist\out-tsc\src\polyfills.js.map
C:\Users\partha\Documents\Visual Studio 2017\Projects\dotnetcoreandAngular5\dotnetcoreandAngular5\AngularApp\dist\out-tsc\src\test.js
C:\Users\partha\Documents\Visual Studio 2017\Projects\dotnetcoreandAngular5\dotnetcoreandAngular5\AngularApp\dist\out-tsc\src\test.js.map
C:\Users\partha\Documents\Visual Studio 2017\Projects\dotnetcoreandAngular5\dotnetcoreandAngular5\AngularApp\dist\out-tsc\src\environments\environment.prod.js
C:\Users\partha\Documents\Visual Studio 2017\Projects\dotnetcoreandAngular5\dotnetcoreandAngular5\AngularApp\dist\out-tsc\src\environments\environment.prod.js.map
C:\Users\partha\Documents\Visual Studio 2017\Projects\dotnetcoreandAngular5\dotnetcoreandAngular5\AngularApp\dist\out-tsc\src\app\app.component.spec.js
C:\Users\partha\Documents\Visual Studio 2017\Projects\dotnetcoreandAngular5\dotnetcoreandAngular5\AngularApp\dist\out-tsc\src\app\app.component.spec.js.map
C:\Users\partha\Documents\Visual Studio 2017\Projects\dotnetcoreandAngular5\dotnetcoreandAngular5\AngularApp\dist\out-tsc\e2e\app.po.js
C:\Users\partha\Documents\Visual Studio 2017\Projects\dotnetcoreandAngular5\dotnetcoreandAngular5\AngularApp\dist\out-tsc\e2e\app.po.js.map
C:\Users\partha\Documents\Visual Studio 2017\Projects\dotnetcoreandAngular5\dotnetcoreandAngular5\AngularApp\dist\out-tsc\e2e\app.e2e-spec.js
C:\Users\partha\Documents\Visual Studio 2017\Projects\dotnetcoreandAngular5\dotnetcoreandAngular5\AngularApp\dist\out-tsc\e2e\app.e2e-spec.js.map
C:\Users\partha\Documents\Visual Studio 2017\Projects\dotnetcoreandAngular5\dotnetcoreandAngular5\AngularApp\dist\out-tsc\src\model\product.js
C:\Users\partha\Documents\Visual Studio 2017\Projects\dotnetcoreandAngular5\dotnetcoreandAngular5\AngularApp\dist\out-tsc\src\model\product.js.map
C:\Users\partha\Documents\Visual Studio 2017\Projects\dotnetcoreandAngular5\dotnetcoreandAngular5\AngularApp\dist\out-tsc\src\services\edit.services.js
C:\Users\partha\Documents\Visual Studio 2017\Projects\dotnetcoreandAngular5\dotnetcoreandAngular5\AngularApp\dist\out-tsc\src\services\edit.services.js.map
C:\Users\partha\Documents\Visual Studio 2017\Projects\dotnetcoreandAngular5\dotnetcoreandAngular5\AngularApp\dist\out-tsc\src\services\stock-data.services.js
C:\Users\partha\Documents\Visual Studio 2017\Projects\dotnetcoreandAngular5\dotnetcoreandAngular5\AngularApp\dist\out-tsc\src\services\stock-data.services.js.map
C:\Users\partha\Documents\Visual Studio 2017\Projects\dotnetcoreandAngular5\dotnetcoreandAngular5\AngularApp\dist\out-tsc\src\app\app.component.js
C:\Users\partha\Documents\Visual Studio 2017\Projects\dotnetcoreandAngular5\dotnetcoreandAngular5\AngularApp\dist\out-tsc\src\app\app.component.js.map
C:\Users\partha\Documents\Visual Studio 2017\Projects\dotnetcoreandAngular5\dotnetcoreandAngular5\AngularApp\dist\out-tsc\src\app\app.module.js
C:\Users\partha\Documents\Visual Studio 2017\Projects\dotnetcoreandAngular5\dotnetcoreandAngular5\AngularApp\dist\out-tsc\src\app\app.module.js.map
C:\Users\partha\Documents\Visual Studio 2017\Projects\dotnetcoreandAngular5\dotnetcoreandAngular5\AngularApp\dist\out-tsc\src\environments\environment.js
C:\Users\partha\Documents\Visual Studio 2017\Projects\dotnetcoreandAngular5\dotnetcoreandAngular5\AngularApp\dist\out-tsc\src\environments\environment.js.map
C:\Users\partha\Documents\Visual Studio 2017\Projects\dotnetcoreandAngular5\dotnetcoreandAngular5\AngularApp\dist\out-tsc\src\main.js
C:\Users\partha\Documents\Visual Studio 2017\Projects\dotnetcoreandAngular5\dotnetcoreandAngular5\AngularApp\dist\out-tsc\src\main.js.map
C:\Users\partha\Documents\Visual Studio 2017\Projects\dotnetcoreandAngular5\dotnetcoreandAngular5\AngularApp\dist\out-tsc\src\polyfills.js
C:\Users\partha\Documents\Visual Studio 2017\Projects\dotnetcoreandAngular5\dotnetcoreandAngular5\AngularApp\dist\out-tsc\src\polyfills.js.map
C:\Users\partha\Documents\Visual Studio 2017\Projects\dotnetcoreandAngular5\dotnetcoreandAngular5\AngularApp\dist\out-tsc\src\test.js
C:\Users\partha\Documents\Visual Studio 2017\Projects\dotnetcoreandAngular5\dotnetcoreandAngular5\AngularApp\dist\out-tsc\src\test.js.map
C:\Users\partha\Documents\Visual Studio 2017\Projects\dotnetcoreandAngular5\dotnetcoreandAngular5\AngularApp\dist\out-tsc\src\environments\environment.prod.js
C:\Users\partha\Documents\Visual Studio 2017\Projects\dotnetcoreandAngular5\dotnetcoreandAngular5\AngularApp\dist\out-tsc\src\environments\environment.prod.js.map
C:\Users\partha\Documents\Visual Studio 2017\Projects\dotnetcoreandAngular5\dotnetcoreandAngular5\AngularApp\dist\out-tsc\src\app\app.component.spec.js
C:\Users\partha\Documents\Visual Studio 2017\Projects\dotnetcoreandAngular5\dotnetcoreandAngular5\AngularApp\dist\out-tsc\src\app\app.component.spec.js.map
C:\Users\partha\Documents\Visual Studio 2017\Projects\dotnetcoreandAngular5\dotnetcoreandAngular5\AngularApp\dist\out-tsc\e2e\app.po.js
C:\Users\partha\Documents\Visual Studio 2017\Projects\dotnetcoreandAngular5\dotnetcoreandAngular5\AngularApp\dist\out-tsc\e2e\app.po.js.map
C:\Users\partha\Documents\Visual Studio 2017\Projects\dotnetcoreandAngular5\dotnetcoreandAngular5\AngularApp\dist\out-tsc\e2e\app.e2e-spec.js
C:\Users\partha\Documents\Visual Studio 2017\Projects\dotnetcoreandAngular5\dotnetcoreandAngular5\AngularApp\dist\out-tsc\e2e\app.e2e-spec.js.map
C:\Users\partha\Documents\Visual Studio 2017\Projects\dotnetcoreandAngular5\dotnetcoreandAngular5\AngularApp\dist\out-tsc\src\model\product.js
C:\Users\partha\Documents\Visual Studio 2017\Projects\dotnetcoreandAngular5\dotnetcoreandAngular5\AngularApp\dist\out-tsc\src\model\product.js.map
C:\Users\partha\Documents\Visual Studio 2017\Projects\dotnetcoreandAngular5\dotnetcoreandAngular5\AngularApp\dist\out-tsc\src\services\edit.services.js
C:\Users\partha\Documents\Visual Studio 2017\Projects\dotnetcoreandAngular5\dotnetcoreandAngular5\AngularApp\dist\out-tsc\src\services\edit.services.js.map
C:\Users\partha\Documents\Visual Studio 2017\Projects\dotnetcoreandAngular5\dotnetcoreandAngular5\AngularApp\dist\out-tsc\src\services\stock-data.services.js
C:\Users\partha\Documents\Visual Studio 2017\Projects\dotnetcoreandAngular5\dotnetcoreandAngular5\AngularApp\dist\out-tsc\src\services\stock-data.services.js.map
C:\Users\partha\Documents\Visual Studio 2017\Projects\dotnetcoreandAngular5\dotnetcoreandAngular5\AngularApp\dist\out-tsc\src\app\app.component.js
C:\Users\partha\Documents\Visual Studio 2017\Projects\dotnetcoreandAngular5\dotnetcoreandAngular5\AngularApp\dist\out-tsc\src\app\app.component.js.map
C:\Users\partha\Documents\Visual Studio 2017\Projects\dotnetcoreandAngular5\dotnetcoreandAngular5\AngularApp\dist\out-tsc\src\app\app.module.js
C:\Users\partha\Documents\Visual Studio 2017\Projects\dotnetcoreandAngular5\dotnetcoreandAngular5\AngularApp\dist\out-tsc\src\app\app.module.js.map
C:\Users\partha\Documents\Visual Studio 2017\Projects\dotnetcoreandAngular5\dotnetcoreandAngular5\AngularApp\dist\out-tsc\src\environments\environment.js
C:\Users\partha\Documents\Visual Studio 2017\Projects\dotnetcoreandAngular5\dotnetcoreandAngular5\AngularApp\dist\out-tsc\src\environments\environment.js.map
C:\Users\partha\Documents\Visual Studio 2017\Projects\dotnetcoreandAngular5\dotnetcoreandAngular5\AngularApp\dist\out-tsc\src\main.js
C:\Users\partha\Documents\Visual Studio 2017\Projects\dotnetcoreandAngular5\dotnetcoreandAngular5\AngularApp\dist\out-tsc\src\main.js.map
C:\Users\partha\Documents\Visual Studio 2017\Projects\dotnetcoreandAngular5\dotnetcoreandAngular5\AngularApp\dist\out-tsc\src\polyfills.js
C:\Users\partha\Documents\Visual Studio 2017\Projects\dotnetcoreandAngular5\dotnetcoreandAngular5\AngularApp\dist\out-tsc\src\polyfills.js.map
C:\Users\partha\Documents\Visual Studio 2017\Projects\dotnetcoreandAngular5\dotnetcoreandAngular5\AngularApp\dist\out-tsc\src\test.js
C:\Users\partha\Documents\Visual Studio 2017\Projects\dotnetcoreandAngular5\dotnetcoreandAngular5\AngularApp\dist\out-tsc\src\test.js.map
C:\Users\partha\Documents\Visual Studio 2017\Projects\dotnetcoreandAngular5\dotnetcoreandAngular5\AngularApp\dist\out-tsc\src\environments\environment.prod.js
C:\Users\partha\Documents\Visual Studio 2017\Projects\dotnetcoreandAngular5\dotnetcoreandAngular5\AngularApp\dist\out-tsc\src\environments\environment.prod.js.map
C:\Users\partha\Documents\Visual Studio 2017\Projects\dotnetcoreandAngular5\dotnetcoreandAngular5\AngularApp\dist\out-tsc\src\app\app.component.spec.js
C:\Users\partha\Documents\Visual Studio 2017\Projects\dotnetcoreandAngular5\dotnetcoreandAngular5\AngularApp\dist\out-tsc\src\app\app.component.spec.js.map
C:\Users\partha\Documents\Visual Studio 2017\Projects\dotnetcoreandAngular5\dotnetcoreandAngular5\AngularApp\dist\out-tsc\e2e\app.po.js
C:\Users\partha\Documents\Visual Studio 2017\Projects\dotnetcoreandAngular5\dotnetcoreandAngular5\AngularApp\dist\out-tsc\e2e\app.po.js.map
C:\Users\partha\Documents\Visual Studio 2017\Projects\dotnetcoreandAngular5\dotnetcoreandAngular5\AngularApp\dist\out-tsc\e2e\app.e2e-spec.js
C:\Users\partha\Documents\Visual Studio 2017\Projects\dotnetcoreandAngular5\dotnetcoreandAngular5\AngularApp\dist\out-tsc\e2e\app.e2e-spec.js.map
C:\Users\partha\Documents\Visual Studio 2017\Projects\dotnetcoreandAngular5\dotnetcoreandAngular5\AngularApp\dist\out-tsc\src\model\product.js
C:\Users\partha\Documents\Visual Studio 2017\Projects\dotnetcoreandAngular5\dotnetcoreandAngular5\AngularApp\dist\out-tsc\src\model\product.js.map
C:\Users\partha\Documents\Visual Studio 2017\Projects\dotnetcoreandAngular5\dotnetcoreandAngular5\AngularApp\dist\out-tsc\src\services\edit.services.js
C:\Users\partha\Documents\Visual Studio 2017\Projects\dotnetcoreandAngular5\dotnetcoreandAngular5\AngularApp\dist\out-tsc\src\services\edit.services.js.map
C:\Users\partha\Documents\Visual Studio 2017\Projects\dotnetcoreandAngular5\dotnetcoreandAngular5\AngularApp\dist\out-tsc\src\services\stock-data.services.js
C:\Users\partha\Documents\Visual Studio 2017\Projects\dotnetcoreandAngular5\dotnetcoreandAngular5\AngularApp\dist\out-tsc\src\services\stock-data.services.js.map
C:\Users\partha\Documents\Visual Studio 2017\Projects\dotnetcoreandAngular5\dotnetcoreandAngular5\AngularApp\dist\out-tsc\src\app\app.component.js
C:\Users\partha\Documents\Visual Studio 2017\Projects\dotnetcoreandAngular5\dotnetcoreandAngular5\AngularApp\dist\out-tsc\src\app\app.component.js.map
C:\Users\partha\Documents\Visual Studio 2017\Projects\dotnetcoreandAngular5\dotnetcoreandAngular5\AngularApp\dist\out-tsc\src\app\app.module.js
C:\Users\partha\Documents\Visual Studio 2017\Projects\dotnetcoreandAngular5\dotnetcoreandAngular5\AngularApp\dist\out-tsc\src\app\app.module.js.map
C:\Users\partha\Documents\Visual Studio 2017\Projects\dotnetcoreandAngular5\dotnetcoreandAngular5\AngularApp\dist\out-tsc\src\environments\environment.js
C:\Users\partha\Documents\Visual Studio 2017\Projects\dotnetcoreandAngular5\dotnetcoreandAngular5\AngularApp\dist\out-tsc\src\environments\environment.js.map
C:\Users\partha\Documents\Visual Studio 2017\Projects\dotnetcoreandAngular5\dotnetcoreandAngular5\AngularApp\dist\out-tsc\src\main.js
C:\Users\partha\Documents\Visual Studio 2017\Projects\dotnetcoreandAngular5\dotnetcoreandAngular5\AngularApp\dist\out-tsc\src\main.js.map
C:\Users\partha\Documents\Visual Studio 2017\Projects\dotnetcoreandAngular5\dotnetcoreandAngular5\AngularApp\dist\out-tsc\src\polyfills.js
C:\Users\partha\Documents\Visual Studio 2017\Projects\dotnetcoreandAngular5\dotnetcoreandAngular5\AngularApp\dist\out-tsc\src\polyfills.js.map
C:\Users\partha\Documents\Visual Studio 2017\Projects\dotnetcoreandAngular5\dotnetcoreandAngular5\AngularApp\dist\out-tsc\src\test.js
C:\Users\partha\Documents\Visual Studio 2017\Projects\dotnetcoreandAngular5\dotnetcoreandAngular5\AngularApp\dist\out-tsc\src\test.js.map
C:\Users\partha\Documents\Visual Studio 2017\Projects\dotnetcoreandAngular5\dotnetcoreandAngular5\AngularApp\dist\out-tsc\src\environments\environment.prod.js
C:\Users\partha\Documents\Visual Studio 2017\Projects\dotnetcoreandAngular5\dotnetcoreandAngular5\AngularApp\dist\out-tsc\src\environments\environment.prod.js.map
C:\Users\partha\Documents\Visual Studio 2017\Projects\dotnetcoreandAngular5\dotnetcoreandAngular5\AngularApp\dist\out-tsc\src\app\app.component.spec.js
C:\Users\partha\Documents\Visual Studio 2017\Projects\dotnetcoreandAngular5\dotnetcoreandAngular5\AngularApp\dist\out-tsc\src\app\app.component.spec.js.map
C:\Users\partha\Documents\Visual Studio 2017\Projects\dotnetcoreandAngular5\dotnetcoreandAngular5\AngularApp\dist\out-tsc\e2e\app.po.js
C:\Users\partha\Documents\Visual Studio 2017\Projects\dotnetcoreandAngular5\dotnetcoreandAngular5\AngularApp\dist\out-tsc\e2e\app.po.js.map
C:\Users\partha\Documents\Visual Studio 2017\Projects\dotnetcoreandAngular5\dotnetcoreandAngular5\AngularApp\dist\out-tsc\e2e\app.e2e-spec.js
C:\Users\partha\Documents\Visual Studio 2017\Projects\dotnetcoreandAngular5\dotnetcoreandAngular5\AngularApp\dist\out-tsc\e2e\app.e2e-spec.js.map
C:\Users\partha\Documents\Visual Studio 2017\Projects\dotnetcoreandAngular5\dotnetcoreandAngular5\AngularApp\dist\out-tsc\src\model\product.js
C:\Users\partha\Documents\Visual Studio 2017\Projects\dotnetcoreandAngular5\dotnetcoreandAngular5\AngularApp\dist\out-tsc\src\model\product.js.map
C:\Users\partha\Documents\Visual Studio 2017\Projects\dotnetcoreandAngular5\dotnetcoreandAngular5\AngularApp\dist\out-tsc\src\services\edit.services.js
C:\Users\partha\Documents\Visual Studio 2017\Projects\dotnetcoreandAngular5\dotnetcoreandAngular5\AngularApp\dist\out-tsc\src\services\edit.services.js.map
C:\Users\partha\Documents\Visual Studio 2017\Projects\dotnetcoreandAngular5\dotnetcoreandAngular5\AngularApp\dist\out-tsc\src\services\stock-data.services.js
C:\Users\partha\Documents\Visual Studio 2017\Projects\dotnetcoreandAngular5\dotnetcoreandAngular5\AngularApp\dist\out-tsc\src\services\stock-data.services.js.map
C:\Users\partha\Documents\Visual Studio 2017\Projects\dotnetcoreandAngular5\dotnetcoreandAngular5\AngularApp\dist\out-tsc\src\app\app.component.js
C:\Users\partha\Documents\Visual Studio 2017\Projects\dotnetcoreandAngular5\dotnetcoreandAngular5\AngularApp\dist\out-tsc\src\app\app.component.js.map
C:\Users\partha\Documents\Visual Studio 2017\Projects\dotnetcoreandAngular5\dotnetcoreandAngular5\AngularApp\dist\out-tsc\src\app\app.module.js
C:\Users\partha\Documents\Visual Studio 2017\Projects\dotnetcoreandAngular5\dotnetcoreandAngular5\AngularApp\dist\out-tsc\src\app\app.module.js.map
C:\Users\partha\Documents\Visual Studio 2017\Projects\dotnetcoreandAngular5\dotnetcoreandAngular5\AngularApp\dist\out-tsc\src\environments\environment.js
C:\Users\partha\Documents\Visual Studio 2017\Projects\dotnetcoreandAngular5\dotnetcoreandAngular5\AngularApp\dist\out-tsc\src\environments\environment.js.map
C:\Users\partha\Documents\Visual Studio 2017\Projects\dotnetcoreandAngular5\dotnetcoreandAngular5\AngularApp\dist\out-tsc\src\main.js
C:\Users\partha\Documents\Visual Studio 2017\Projects\dotnetcoreandAngular5\dotnetcoreandAngular5\AngularApp\dist\out-tsc\src\main.js.map
C:\Users\partha\Documents\Visual Studio 2017\Projects\dotnetcoreandAngular5\dotnetcoreandAngular5\AngularApp\dist\out-tsc\src\polyfills.js
C:\Users\partha\Documents\Visual Studio 2017\Projects\dotnetcoreandAngular5\dotnetcoreandAngular5\AngularApp\dist\out-tsc\src\polyfills.js.map
C:\Users\partha\Documents\Visual Studio 2017\Projects\dotnetcoreandAngular5\dotnetcoreandAngular5\AngularApp\dist\out-tsc\src\test.js
C:\Users\partha\Documents\Visual Studio 2017\Projects\dotnetcoreandAngular5\dotnetcoreandAngular5\AngularApp\dist\out-tsc\src\test.js.map
C:\Users\partha\Documents\Visual Studio 2017\Projects\dotnetcoreandAngular5\dotnetcoreandAngular5\AngularApp\dist\out-tsc\src\environments\environment.prod.js
C:\Users\partha\Documents\Visual Studio 2017\Projects\dotnetcoreandAngular5\dotnetcoreandAngular5\AngularApp\dist\out-tsc\src\environments\environment.prod.js.map
C:\Users\partha\Documents\Visual Studio 2017\Projects\dotnetcoreandAngular5\dotnetcoreandAngular5\AngularApp\dist\out-tsc\src\app\app.component.spec.js
C:\Users\partha\Documents\Visual Studio 2017\Projects\dotnetcoreandAngular5\dotnetcoreandAngular5\AngularApp\dist\out-tsc\src\app\app.component.spec.js.map
C:\Users\partha\Documents\Visual Studio 2017\Projects\dotnetcoreandAngular5\dotnetcoreandAngular5\AngularApp\dist\out-tsc\e2e\app.po.js
C:\Users\partha\Documents\Visual Studio 2017\Projects\dotnetcoreandAngular5\dotnetcoreandAngular5\AngularApp\dist\out-tsc\e2e\app.po.js.map
C:\Users\partha\Documents\Visual Studio 2017\Projects\dotnetcoreandAngular5\dotnetcoreandAngular5\AngularApp\dist\out-tsc\e2e\app.e2e-spec.js
C:\Users\partha\Documents\Visual Studio 2017\Projects\dotnetcoreandAngular5\dotnetcoreandAngular5\AngularApp\dist\out-tsc\e2e\app.e2e-spec.js.map
C:\Users\partha\Documents\Visual Studio 2017\Projects\dotnetcoreandAngular5\dotnetcoreandAngular5\AngularApp\dist\out-tsc\src\model\product.js
C:\Users\partha\Documents\Visual Studio 2017\Projects\dotnetcoreandAngular5\dotnetcoreandAngular5\AngularApp\dist\out-tsc\src\model\product.js.map
C:\Users\partha\Documents\Visual Studio 2017\Projects\dotnetcoreandAngular5\dotnetcoreandAngular5\AngularApp\dist\out-tsc\src\services\edit.services.js
C:\Users\partha\Documents\Visual Studio 2017\Projects\dotnetcoreandAngular5\dotnetcoreandAngular5\AngularApp\dist\out-tsc\src\services\edit.services.js.map
C:\Users\partha\Documents\Visual Studio 2017\Projects\dotnetcoreandAngular5\dotnetcoreandAngular5\AngularApp\dist\out-tsc\src\services\stock-data.services.js
C:\Users\partha\Documents\Visual Studio 2017\Projects\dotnetcoreandAngular5\dotnetcoreandAngular5\AngularApp\dist\out-tsc\src\services\stock-data.services.js.map
C:\Users\partha\Documents\Visual Studio 2017\Projects\dotnetcoreandAngular5\dotnetcoreandAngular5\AngularApp\dist\out-tsc\src\app\app.component.js
C:\Users\partha\Documents\Visual Studio 2017\Projects\dotnetcoreandAngular5\dotnetcoreandAngular5\AngularApp\dist\out-tsc\src\app\app.component.js.map
C:\Users\partha\Documents\Visual Studio 2017\Projects\dotnetcoreandAngular5\dotnetcoreandAngular5\AngularApp\dist\out-tsc\src\app\app.module.js
C:\Users\partha\Documents\Visual Studio 2017\Projects\dotnetcoreandAngular5\dotnetcoreandAngular5\AngularApp\dist\out-tsc\src\app\app.module.js.map
C:\Users\partha\Documents\Visual Studio 2017\Projects\dotnetcoreandAngular5\dotnetcoreandAngular5\AngularApp\dist\out-tsc\src\environments\environment.js
C:\Users\partha\Documents\Visual Studio 2017\Projects\dotnetcoreandAngular5\dotnetcoreandAngular5\AngularApp\dist\out-tsc\src\environments\environment.js.map
C:\Users\partha\Documents\Visual Studio 2017\Projects\dotnetcoreandAngular5\dotnetcoreandAngular5\AngularApp\dist\out-tsc\src\main.js
C:\Users\partha\Documents\Visual Studio 2017\Projects\dotnetcoreandAngular5\dotnetcoreandAngular5\AngularApp\dist\out-tsc\src\main.js.map
C:\Users\partha\Documents\Visual Studio 2017\Projects\dotnetcoreandAngular5\dotnetcoreandAngular5\AngularApp\dist\out-tsc\src\polyfills.js
C:\Users\partha\Documents\Visual Studio 2017\Projects\dotnetcoreandAngular5\dotnetcoreandAngular5\AngularApp\dist\out-tsc\src\polyfills.js.map
C:\Users\partha\Documents\Visual Studio 2017\Projects\dotnetcoreandAngular5\dotnetcoreandAngular5\AngularApp\dist\out-tsc\src\test.js
C:\Users\partha\Documents\Visual Studio 2017\Projects\dotnetcoreandAngular5\dotnetcoreandAngular5\AngularApp\dist\out-tsc\src\test.js.map
C:\Users\partha\Documents\Visual Studio 2017\Projects\dotnetcoreandAngular5\dotnetcoreandAngular5\AngularApp\dist\out-tsc\src\environments\environment.prod.js
C:\Users\partha\Documents\Visual Studio 2017\Projects\dotnetcoreandAngular5\dotnetcoreandAngular5\AngularApp\dist\out-tsc\src\environments\environment.prod.js.map
C:\Users\partha\Documents\Visual Studio 2017\Projects\dotnetcoreandAngular5\dotnetcoreandAngular5\AngularApp\dist\out-tsc\src\app\app.component.spec.js
C:\Users\partha\Documents\Visual Studio 2017\Projects\dotnetcoreandAngular5\dotnetcoreandAngular5\AngularApp\dist\out-tsc\src\app\app.component.spec.js.map
C:\Users\partha\Documents\Visual Studio 2017\Projects\dotnetcoreandAngular5\dotnetcoreandAngular5\AngularApp\dist\out-tsc\e2e\app.po.js
C:\Users\partha\Documents\Visual Studio 2017\Projects\dotnetcoreandAngular5\dotnetcoreandAngular5\AngularApp\dist\out-tsc\e2e\app.po.js.map
C:\Users\partha\Documents\Visual Studio 2017\Projects\dotnetcoreandAngular5\dotnetcoreandAngular5\AngularApp\dist\out-tsc\e2e\app.e2e-spec.js
C:\Users\partha\Documents\Visual Studio 2017\Projects\dotnetcoreandAngular5\dotnetcoreandAngular5\AngularApp\dist\out-tsc\e2e\app.e2e-spec.js.map
C:\Users\partha\Documents\Visual Studio 2017\Projects\dotnetcoreandAngular5\dotnetcoreandAngular5\AngularApp\dist\out-tsc\src\model\product.js
C:\Users\partha\Documents\Visual Studio 2017\Projects\dotnetcoreandAngular5\dotnetcoreandAngular5\AngularApp\dist\out-tsc\src\model\product.js.map
C:\Users\partha\Documents\Visual Studio 2017\Projects\dotnetcoreandAngular5\dotnetcoreandAngular5\AngularApp\dist\out-tsc\src\services\edit.services.js
C:\Users\partha\Documents\Visual Studio 2017\Projects\dotnetcoreandAngular5\dotnetcoreandAngular5\AngularApp\dist\out-tsc\src\services\edit.services.js.map
C:\Users\partha\Documents\Visual Studio 2017\Projects\dotnetcoreandAngular5\dotnetcoreandAngular5\AngularApp\dist\out-tsc\src\services\stock-data.services.js
C:\Users\partha\Documents\Visual Studio 2017\Projects\dotnetcoreandAngular5\dotnetcoreandAngular5\AngularApp\dist\out-tsc\src\services\stock-data.services.js.map
C:\Users\partha\Documents\Visual Studio 2017\Projects\dotnetcoreandAngular5\dotnetcoreandAngular5\AngularApp\dist\out-tsc\src\app\app.component.js
C:\Users\partha\Documents\Visual Studio 2017\Projects\dotnetcoreandAngular5\dotnetcoreandAngular5\AngularApp\dist\out-tsc\src\app\app.component.js.map
C:\Users\partha\Documents\Visual Studio 2017\Projects\dotnetcoreandAngular5\dotnetcoreandAngular5\AngularApp\dist\out-tsc\src\app\app.module.js
C:\Users\partha\Documents\Visual Studio 2017\Projects\dotnetcoreandAngular5\dotnetcoreandAngular5\AngularApp\dist\out-tsc\src\app\app.module.js.map
C:\Users\partha\Documents\Visual Studio 2017\Projects\dotnetcoreandAngular5\dotnetcoreandAngular5\AngularApp\dist\out-tsc\src\environments\environment.js
C:\Users\partha\Documents\Visual Studio 2017\Projects\dotnetcoreandAngular5\dotnetcoreandAngular5\AngularApp\dist\out-tsc\src\environments\environment.js.map
C:\Users\partha\Documents\Visual Studio 2017\Projects\dotnetcoreandAngular5\dotnetcoreandAngular5\AngularApp\dist\out-tsc\src\main.js
C:\Users\partha\Documents\Visual Studio 2017\Projects\dotnetcoreandAngular5\dotnetcoreandAngular5\AngularApp\dist\out-tsc\src\main.js.map
C:\Users\partha\Documents\Visual Studio 2017\Projects\dotnetcoreandAngular5\dotnetcoreandAngular5\AngularApp\dist\out-tsc\src\polyfills.js
C:\Users\partha\Documents\Visual Studio 2017\Projects\dotnetcoreandAngular5\dotnetcoreandAngular5\AngularApp\dist\out-tsc\src\polyfills.js.map
C:\Users\partha\Documents\Visual Studio 2017\Projects\dotnetcoreandAngular5\dotnetcoreandAngular5\AngularApp\dist\out-tsc\src\test.js
C:\Users\partha\Documents\Visual Studio 2017\Projects\dotnetcoreandAngular5\dotnetcoreandAngular5\AngularApp\dist\out-tsc\src\test.js.map
C:\Users\partha\Documents\Visual Studio 2017\Projects\dotnetcoreandAngular5\dotnetcoreandAngular5\AngularApp\dist\out-tsc\src\environments\environment.prod.js
C:\Users\partha\Documents\Visual Studio 2017\Projects\dotnetcoreandAngular5\dotnetcoreandAngular5\AngularApp\dist\out-tsc\src\environments\environment.prod.js.map
C:\Users\partha\Documents\Visual Studio 2017\Projects\dotnetcoreandAngular5\dotnetcoreandAngular5\AngularApp\dist\out-tsc\src\app\app.component.spec.js
C:\Users\partha\Documents\Visual Studio 2017\Projects\dotnetcoreandAngular5\dotnetcoreandAngular5\AngularApp\dist\out-tsc\src\app\app.component.spec.js.map
C:\Users\partha\Documents\Visual Studio 2017\Projects\dotnetcoreandAngular5\dotnetcoreandAngular5\AngularApp\dist\out-tsc\e2e\app.po.js
C:\Users\partha\Documents\Visual Studio 2017\Projects\dotnetcoreandAngular5\dotnetcoreandAngular5\AngularApp\dist\out-tsc\e2e\app.po.js.map
C:\Users\partha\Documents\Visual Studio 2017\Projects\dotnetcoreandAngular5\dotnetcoreandAngular5\AngularApp\dist\out-tsc\e2e\app.e2e-spec.js
C:\Users\partha\Documents\Visual Studio 2017\Projects\dotnetcoreandAngular5\dotnetcoreandAngular5\AngularApp\dist\out-tsc\e2e\app.e2e-spec.js.map
C:\Users\partha\Documents\Visual Studio 2017\Projects\dotnetcoreandAngular5\dotnetcoreandAngular5\AngularApp\dist\out-tsc\src\model\product.js
C:\Users\partha\Documents\Visual Studio 2017\Projects\dotnetcoreandAngular5\dotnetcoreandAngular5\AngularApp\dist\out-tsc\src\model\product.js.map
C:\Users\partha\Documents\Visual Studio 2017\Projects\dotnetcoreandAngular5\dotnetcoreandAngular5\AngularApp\dist\out-tsc\src\services\edit.services.js
C:\Users\partha\Documents\Visual Studio 2017\Projects\dotnetcoreandAngular5\dotnetcoreandAngular5\AngularApp\dist\out-tsc\src\services\edit.services.js.map
C:\Users\partha\Documents\Visual Studio 2017\Projects\dotnetcoreandAngular5\dotnetcoreandAngular5\AngularApp\dist\out-tsc\src\services\stock-data.services.js
C:\Users\partha\Documents\Visual Studio 2017\Projects\dotnetcoreandAngular5\dotnetcoreandAngular5\AngularApp\dist\out-tsc\src\services\stock-data.services.js.map
C:\Users\partha\Documents\Visual Studio 2017\Projects\dotnetcoreandAngular5\dotnetcoreandAngular5\AngularApp\dist\out-tsc\src\app\app.component.js
C:\Users\partha\Documents\Visual Studio 2017\Projects\dotnetcoreandAngular5\dotnetcoreandAngular5\AngularApp\dist\out-tsc\src\app\app.component.js.map
C:\Users\partha\Documents\Visual Studio 2017\Projects\dotnetcoreandAngular5\dotnetcoreandAngular5\AngularApp\dist\out-tsc\src\app\app.module.js
C:\Users\partha\Documents\Visual Studio 2017\Projects\dotnetcoreandAngular5\dotnetcoreandAngular5\AngularApp\dist\out-tsc\src\app\app.module.js.map
C:\Users\partha\Documents\Visual Studio 2017\Projects\dotnetcoreandAngular5\dotnetcoreandAngular5\AngularApp\dist\out-tsc\src\environments\environment.js
C:\Users\partha\Documents\Visual Studio 2017\Projects\dotnetcoreandAngular5\dotnetcoreandAngular5\AngularApp\dist\out-tsc\src\environments\environment.js.map
C:\Users\partha\Documents\Visual Studio 2017\Projects\dotnetcoreandAngular5\dotnetcoreandAngular5\AngularApp\dist\out-tsc\src\main.js
C:\Users\partha\Documents\Visual Studio 2017\Projects\dotnetcoreandAngular5\dotnetcoreandAngular5\AngularApp\dist\out-tsc\src\main.js.map
C:\Users\partha\Documents\Visual Studio 2017\Projects\dotnetcoreandAngular5\dotnetcoreandAngular5\AngularApp\dist\out-tsc\src\polyfills.js
C:\Users\partha\Documents\Visual Studio 2017\Projects\dotnetcoreandAngular5\dotnetcoreandAngular5\AngularApp\dist\out-tsc\src\polyfills.js.map
C:\Users\partha\Documents\Visual Studio 2017\Projects\dotnetcoreandAngular5\dotnetcoreandAngular5\AngularApp\dist\out-tsc\src\test.js
C:\Users\partha\Documents\Visual Studio 2017\Projects\dotnetcoreandAngular5\dotnetcoreandAngular5\AngularApp\dist\out-tsc\src\test.js.map
C:\Users\partha\Documents\Visual Studio 2017\Projects\dotnetcoreandAngular5\dotnetcoreandAngular5\AngularApp\dist\out-tsc\src\environments\environment.prod.js
C:\Users\partha\Documents\Visual Studio 2017\Projects\dotnetcoreandAngular5\dotnetcoreandAngular5\AngularApp\dist\out-tsc\src\environments\environment.prod.js.map
C:\Users\partha\Documents\Visual Studio 2017\Projects\dotnetcoreandAngular5\dotnetcoreandAngular5\AngularApp\dist\out-tsc\src\app\app.component.spec.js
C:\Users\partha\Documents\Visual Studio 2017\Projects\dotnetcoreandAngular5\dotnetcoreandAngular5\AngularApp\dist\out-tsc\src\app\app.component.spec.js.map
C:\Users\partha\Documents\Visual Studio 2017\Projects\dotnetcoreandAngular5\dotnetcoreandAngular5\AngularApp\dist\out-tsc\e2e\app.po.js
C:\Users\partha\Documents\Visual Studio 2017\Projects\dotnetcoreandAngular5\dotnetcoreandAngular5\AngularApp\dist\out-tsc\e2e\app.po.js.map
C:\Users\partha\Documents\Visual Studio 2017\Projects\dotnetcoreandAngular5\dotnetcoreandAngular5\AngularApp\dist\out-tsc\e2e\app.e2e-spec.js
C:\Users\partha\Documents\Visual Studio 2017\Projects\dotnetcoreandAngular5\dotnetcoreandAngular5\AngularApp\dist\out-tsc\e2e\app.e2e-spec.js.map
C:\Users\partha\Documents\Visual Studio 2017\Projects\dotnetcoreandAngular5\dotnetcoreandAngular5\AngularApp\dist\out-tsc\src\model\product.js
C:\Users\partha\Documents\Visual Studio 2017\Projects\dotnetcoreandAngular5\dotnetcoreandAngular5\AngularApp\dist\out-tsc\src\model\product.js.map
C:\Users\partha\Documents\Visual Studio 2017\Projects\dotnetcoreandAngular5\dotnetcoreandAngular5\AngularApp\dist\out-tsc\src\services\edit.services.js
C:\Users\partha\Documents\Visual Studio 2017\Projects\dotnetcoreandAngular5\dotnetcoreandAngular5\AngularApp\dist\out-tsc\src\services\edit.services.js.map
C:\Users\partha\Documents\Visual Studio 2017\Projects\dotnetcoreandAngular5\dotnetcoreandAngular5\AngularApp\dist\out-tsc\src\services\stock-data.services.js
C:\Users\partha\Documents\Visual Studio 2017\Projects\dotnetcoreandAngular5\dotnetcoreandAngular5\AngularApp\dist\out-tsc\src\services\stock-data.services.js.map
C:\Users\partha\Documents\Visual Studio 2017\Projects\dotnetcoreandAngular5\dotnetcoreandAngular5\AngularApp\dist\out-tsc\src\app\app.component.js
C:\Users\partha\Documents\Visual Studio 2017\Projects\dotnetcoreandAngular5\dotnetcoreandAngular5\AngularApp\dist\out-tsc\src\app\app.component.js.map
C:\Users\partha\Documents\Visual Studio 2017\Projects\dotnetcoreandAngular5\dotnetcoreandAngular5\AngularApp\dist\out-tsc\src\app\app.module.js
C:\Users\partha\Documents\Visual Studio 2017\Projects\dotnetcoreandAngular5\dotnetcoreandAngular5\AngularApp\dist\out-tsc\src\app\app.module.js.map
C:\Users\partha\Documents\Visual Studio 2017\Projects\dotnetcoreandAngular5\dotnetcoreandAngular5\AngularApp\dist\out-tsc\src\environments\environment.js
C:\Users\partha\Documents\Visual Studio 2017\Projects\dotnetcoreandAngular5\dotnetcoreandAngular5\AngularApp\dist\out-tsc\src\environments\environment.js.map
C:\Users\partha\Documents\Visual Studio 2017\Projects\dotnetcoreandAngular5\dotnetcoreandAngular5\AngularApp\dist\out-tsc\src\main.js
C:\Users\partha\Documents\Visual Studio 2017\Projects\dotnetcoreandAngular5\dotnetcoreandAngular5\AngularApp\dist\out-tsc\src\main.js.map
C:\Users\partha\Documents\Visual Studio 2017\Projects\dotnetcoreandAngular5\dotnetcoreandAngular5\AngularApp\dist\out-tsc\src\polyfills.js
C:\Users\partha\Documents\Visual Studio 2017\Projects\dotnetcoreandAngular5\dotnetcoreandAngular5\AngularApp\dist\out-tsc\src\polyfills.js.map
C:\Users\partha\Documents\Visual Studio 2017\Projects\dotnetcoreandAngular5\dotnetcoreandAngular5\AngularApp\dist\out-tsc\src\test.js
C:\Users\partha\Documents\Visual Studio 2017\Projects\dotnetcoreandAngular5\dotnetcoreandAngular5\AngularApp\dist\out-tsc\src\test.js.map
C:\Users\partha\Documents\Visual Studio 2017\Projects\dotnetcoreandAngular5\dotnetcoreandAngular5\AngularApp\dist\out-tsc\src\environments\environment.prod.js
C:\Users\partha\Documents\Visual Studio 2017\Projects\dotnetcoreandAngular5\dotnetcoreandAngular5\AngularApp\dist\out-tsc\src\environments\environment.prod.js.map
C:\Users\partha\Documents\Visual Studio 2017\Projects\dotnetcoreandAngular5\dotnetcoreandAngular5\AngularApp\dist\out-tsc\src\app\app.component.spec.js
C:\Users\partha\Documents\Visual Studio 2017\Projects\dotnetcoreandAngular5\dotnetcoreandAngular5\AngularApp\dist\out-tsc\src\app\app.component.spec.js.map
C:\Users\partha\Documents\Visual Studio 2017\Projects\dotnetcoreandAngular5\dotnetcoreandAngular5\AngularApp\dist\out-tsc\e2e\app.po.js
C:\Users\partha\Documents\Visual Studio 2017\Projects\dotnetcoreandAngular5\dotnetcoreandAngular5\AngularApp\dist\out-tsc\e2e\app.po.js.map
C:\Users\partha\Documents\Visual Studio 2017\Projects\dotnetcoreandAngular5\dotnetcoreandAngular5\AngularApp\dist\out-tsc\e2e\app.e2e-spec.js
C:\Users\partha\Documents\Visual Studio 2017\Projects\dotnetcoreandAngular5\dotnetcoreandAngular5\AngularApp\dist\out-tsc\e2e\app.e2e-spec.js.map
C:\Users\partha\Documents\Visual Studio 2017\Projects\dotnetcoreandAngular5\dotnetcoreandAngular5\AngularApp\dist\out-tsc\src\model\product.js
C:\Users\partha\Documents\Visual Studio 2017\Projects\dotnetcoreandAngular5\dotnetcoreandAngular5\AngularApp\dist\out-tsc\src\model\product.js.map
C:\Users\partha\Documents\Visual Studio 2017\Projects\dotnetcoreandAngular5\dotnetcoreandAngular5\AngularApp\dist\out-tsc\src\services\edit.services.js
C:\Users\partha\Documents\Visual Studio 2017\Projects\dotnetcoreandAngular5\dotnetcoreandAngular5\AngularApp\dist\out-tsc\src\services\edit.services.js.map
C:\Users\partha\Documents\Visual Studio 2017\Projects\dotnetcoreandAngular5\dotnetcoreandAngular5\AngularApp\dist\out-tsc\src\services\stock-data.services.js
C:\Users\partha\Documents\Visual Studio 2017\Projects\dotnetcoreandAngular5\dotnetcoreandAngular5\AngularApp\dist\out-tsc\src\services\stock-data.services.js.map
C:\Users\partha\Documents\Visual Studio 2017\Projects\dotnetcoreandAngular5\dotnetcoreandAngular5\AngularApp\dist\out-tsc\src\app\app.component.js
C:\Users\partha\Documents\Visual Studio 2017\Projects\dotnetcoreandAngular5\dotnetcoreandAngular5\AngularApp\dist\out-tsc\src\app\app.component.js.map
C:\Users\partha\Documents\Visual Studio 2017\Projects\dotnetcoreandAngular5\dotnetcoreandAngular5\AngularApp\dist\out-tsc\src\app\app.module.js
C:\Users\partha\Documents\Visual Studio 2017\Projects\dotnetcoreandAngular5\dotnetcoreandAngular5\AngularApp\dist\out-tsc\src\app\app.module.js.map
C:\Users\partha\Documents\Visual Studio 2017\Projects\dotnetcoreandAngular5\dotnetcoreandAngular5\AngularApp\dist\out-tsc\src\environments\environment.js
C:\Users\partha\Documents\Visual Studio 2017\Projects\dotnetcoreandAngular5\dotnetcoreandAngular5\AngularApp\dist\out-tsc\src\environments\environment.js.map
C:\Users\partha\Documents\Visual Studio 2017\Projects\dotnetcoreandAngular5\dotnetcoreandAngular5\AngularApp\dist\out-tsc\src\main.js
C:\Users\partha\Documents\Visual Studio 2017\Projects\dotnetcoreandAngular5\dotnetcoreandAngular5\AngularApp\dist\out-tsc\src\main.js.map
C:\Users\partha\Documents\Visual Studio 2017\Projects\dotnetcoreandAngular5\dotnetcoreandAngular5\AngularApp\dist\out-tsc\src\polyfills.js
C:\Users\partha\Documents\Visual Studio 2017\Projects\dotnetcoreandAngular5\dotnetcoreandAngular5\AngularApp\dist\out-tsc\src\polyfills.js.map
C:\Users\partha\Documents\Visual Studio 2017\Projects\dotnetcoreandAngular5\dotnetcoreandAngular5\AngularApp\dist\out-tsc\src\test.js
C:\Users\partha\Documents\Visual Studio 2017\Projects\dotnetcoreandAngular5\dotnetcoreandAngular5\AngularApp\dist\out-tsc\src\test.js.map
C:\Users\partha\Documents\Visual Studio 2017\Projects\dotnetcoreandAngular5\dotnetcoreandAngular5\AngularApp\dist\out-tsc\src\environments\environment.prod.js
C:\Users\partha\Documents\Visual Studio 2017\Projects\dotnetcoreandAngular5\dotnetcoreandAngular5\AngularApp\dist\out-tsc\src\environments\environment.prod.js.map
C:\Users\partha\Documents\Visual Studio 2017\Projects\dotnetcoreandAngular5\dotnetcoreandAngular5\AngularApp\dist\out-tsc\src\app\app.component.spec.js
C:\Users\partha\Documents\Visual Studio 2017\Projects\dotnetcoreandAngular5\dotnetcoreandAngular5\AngularApp\dist\out-tsc\src\app\app.component.spec.js.map
C:\Users\partha\Documents\Visual Studio 2017\Projects\dotnetcoreandAngular5\dotnetcoreandAngular5\AngularApp\dist\out-tsc\e2e\app.po.js
C:\Users\partha\Documents\Visual Studio 2017\Projects\dotnetcoreandAngular5\dotnetcoreandAngular5\AngularApp\dist\out-tsc\e2e\app.po.js.map
C:\Users\partha\Documents\Visual Studio 2017\Projects\dotnetcoreandAngular5\dotnetcoreandAngular5\AngularApp\dist\out-tsc\e2e\app.e2e-spec.js
C:\Users\partha\Documents\Visual Studio 2017\Projects\dotnetcoreandAngular5\dotnetcoreandAngular5\AngularApp\dist\out-tsc\e2e\app.e2e-spec.js.map
C:\Users\partha\Documents\Visual Studio 2017\Projects\dotnetcoreandAngular5\dotnetcoreandAngular5\AngularApp\dist\out-tsc\src\model\product.js
C:\Users\partha\Documents\Visual Studio 2017\Projects\dotnetcoreandAngular5\dotnetcoreandAngular5\AngularApp\dist\out-tsc\src\model\product.js.map
C:\Users\partha\Documents\Visual Studio 2017\Projects\dotnetcoreandAngular5\dotnetcoreandAngular5\AngularApp\dist\out-tsc\src\services\edit.services.js
C:\Users\partha\Documents\Visual Studio 2017\Projects\dotnetcoreandAngular5\dotnetcoreandAngular5\AngularApp\dist\out-tsc\src\services\edit.services.js.map
C:\Users\partha\Documents\Visual Studio 2017\Projects\dotnetcoreandAngular5\dotnetcoreandAngular5\AngularApp\dist\out-tsc\src\services\stock-data.services.js
C:\Users\partha\Documents\Visual Studio 2017\Projects\dotnetcoreandAngular5\dotnetcoreandAngular5\AngularApp\dist\out-tsc\src\services\stock-data.services.js.map
C:\Users\partha\Documents\Visual Studio 2017\Projects\dotnetcoreandAngular5\dotnetcoreandAngular5\AngularApp\dist\out-tsc\src\app\app.component.js
C:\Users\partha\Documents\Visual Studio 2017\Projects\dotnetcoreandAngular5\dotnetcoreandAngular5\AngularApp\dist\out-tsc\src\app\app.component.js.map
C:\Users\partha\Documents\Visual Studio 2017\Projects\dotnetcoreandAngular5\dotnetcoreandAngular5\AngularApp\dist\out-tsc\src\app\app.module.js
C:\Users\partha\Documents\Visual Studio 2017\Projects\dotnetcoreandAngular5\dotnetcoreandAngular5\AngularApp\dist\out-tsc\src\app\app.module.js.map
C:\Users\partha\Documents\Visual Studio 2017\Projects\dotnetcoreandAngular5\dotnetcoreandAngular5\AngularApp\dist\out-tsc\src\environments\environment.js
C:\Users\partha\Documents\Visual Studio 2017\Projects\dotnetcoreandAngular5\dotnetcoreandAngular5\AngularApp\dist\out-tsc\src\environments\environment.js.map
C:\Users\partha\Documents\Visual Studio 2017\Projects\dotnetcoreandAngular5\dotnetcoreandAngular5\AngularApp\dist\out-tsc\src\main.js
C:\Users\partha\Documents\Visual Studio 2017\Projects\dotnetcoreandAngular5\dotnetcoreandAngular5\AngularApp\dist\out-tsc\src\main.js.map
C:\Users\partha\Documents\Visual Studio 2017\Projects\dotnetcoreandAngular5\dotnetcoreandAngular5\AngularApp\dist\out-tsc\src\polyfills.js
C:\Users\partha\Documents\Visual Studio 2017\Projects\dotnetcoreandAngular5\dotnetcoreandAngular5\AngularApp\dist\out-tsc\src\polyfills.js.map
C:\Users\partha\Documents\Visual Studio 2017\Projects\dotnetcoreandAngular5\dotnetcoreandAngular5\AngularApp\dist\out-tsc\src\test.js
C:\Users\partha\Documents\Visual Studio 2017\Projects\dotnetcoreandAngular5\dotnetcoreandAngular5\AngularApp\dist\out-tsc\src\test.js.map
C:\Users\partha\Documents\Visual Studio 2017\Projects\dotnetcoreandAngular5\dotnetcoreandAngular5\AngularApp\dist\out-tsc\src\environments\environment.prod.js
C:\Users\partha\Documents\Visual Studio 2017\Projects\dotnetcoreandAngular5\dotnetcoreandAngular5\AngularApp\dist\out-tsc\src\environments\environment.prod.js.map
C:\Users\partha\Documents\Visual Studio 2017\Projects\dotnetcoreandAngular5\dotnetcoreandAngular5\AngularApp\dist\out-tsc\src\app\app.component.spec.js
C:\Users\partha\Documents\Visual Studio 2017\Projects\dotnetcoreandAngular5\dotnetcoreandAngular5\AngularApp\dist\out-tsc\src\app\app.component.spec.js.map
C:\Users\partha\Documents\Visual Studio 2017\Projects\dotnetcoreandAngular5\dotnetcoreandAngular5\AngularApp\dist\out-tsc\e2e\app.po.js
C:\Users\partha\Documents\Visual Studio 2017\Projects\dotnetcoreandAngular5\dotnetcoreandAngular5\AngularApp\dist\out-tsc\e2e\app.po.js.map
C:\Users\partha\Documents\Visual Studio 2017\Projects\dotnetcoreandAngular5\dotnetcoreandAngular5\AngularApp\dist\out-tsc\e2e\app.e2e-spec.js
C:\Users\partha\Documents\Visual Studio 2017\Projects\dotnetcoreandAngular5\dotnetcoreandAngular5\AngularApp\dist\out-tsc\e2e\app.e2e-spec.js.map
C:\Users\partha\Documents\Visual Studio 2017\Projects\dotnetcoreandAngular5\dotnetcoreandAngular5\AngularApp\dist\out-tsc\src\model\product.js
C:\Users\partha\Documents\Visual Studio 2017\Projects\dotnetcoreandAngular5\dotnetcoreandAngular5\AngularApp\dist\out-tsc\src\model\product.js.map
C:\Users\partha\Documents\Visual Studio 2017\Projects\dotnetcoreandAngular5\dotnetcoreandAngular5\AngularApp\dist\out-tsc\src\services\edit.services.js
C:\Users\partha\Documents\Visual Studio 2017\Projects\dotnetcoreandAngular5\dotnetcoreandAngular5\AngularApp\dist\out-tsc\src\services\edit.services.js.map
C:\Users\partha\Documents\Visual Studio 2017\Projects\dotnetcoreandAngular5\dotnetcoreandAngular5\AngularApp\dist\out-tsc\src\services\stock-data.services.js
C:\Users\partha\Documents\Visual Studio 2017\Projects\dotnetcoreandAngular5\dotnetcoreandAngular5\AngularApp\dist\out-tsc\src\services\stock-data.services.js.map
C:\Users\partha\Documents\Visual Studio 2017\Projects\dotnetcoreandAngular5\dotnetcoreandAngular5\AngularApp\dist\out-tsc\src\app\app.component.js
C:\Users\partha\Documents\Visual Studio 2017\Projects\dotnetcoreandAngular5\dotnetcoreandAngular5\AngularApp\dist\out-tsc\src\app\app.component.js.map
C:\Users\partha\Documents\Visual Studio 2017\Projects\dotnetcoreandAngular5\dotnetcoreandAngular5\AngularApp\dist\out-tsc\src\app\app.module.js
C:\Users\partha\Documents\Visual Studio 2017\Projects\dotnetcoreandAngular5\dotnetcoreandAngular5\AngularApp\dist\out-tsc\src\app\app.module.js.map
C:\Users\partha\Documents\Visual Studio 2017\Projects\dotnetcoreandAngular5\dotnetcoreandAngular5\AngularApp\dist\out-tsc\src\environments\environment.js
C:\Users\partha\Documents\Visual Studio 2017\Projects\dotnetcoreandAngular5\dotnetcoreandAngular5\AngularApp\dist\out-tsc\src\environments\environment.js.map
C:\Users\partha\Documents\Visual Studio 2017\Projects\dotnetcoreandAngular5\dotnetcoreandAngular5\AngularApp\dist\out-tsc\src\main.js
C:\Users\partha\Documents\Visual Studio 2017\Projects\dotnetcoreandAngular5\dotnetcoreandAngular5\AngularApp\dist\out-tsc\src\main.js.map
C:\Users\partha\Documents\Visual Studio 2017\Projects\dotnetcoreandAngular5\dotnetcoreandAngular5\AngularApp\dist\out-tsc\src\polyfills.js
C:\Users\partha\Documents\Visual Studio 2017\Projects\dotnetcoreandAngular5\dotnetcoreandAngular5\AngularApp\dist\out-tsc\src\polyfills.js.map
C:\Users\partha\Documents\Visual Studio 2017\Projects\dotnetcoreandAngular5\dotnetcoreandAngular5\AngularApp\dist\out-tsc\src\test.js
C:\Users\partha\Documents\Visual Studio 2017\Projects\dotnetcoreandAngular5\dotnetcoreandAngular5\AngularApp\dist\out-tsc\src\test.js.map
C:\Users\partha\Documents\Visual Studio 2017\Projects\dotnetcoreandAngular5\dotnetcoreandAngular5\AngularApp\dist\out-tsc\src\environments\environment.prod.js
C:\Users\partha\Documents\Visual Studio 2017\Projects\dotnetcoreandAngular5\dotnetcoreandAngular5\AngularApp\dist\out-tsc\src\environments\environment.prod.js.map
C:\Users\partha\Documents\Visual Studio 2017\Projects\dotnetcoreandAngular5\dotnetcoreandAngular5\AngularApp\dist\out-tsc\src\app\app.component.spec.js
C:\Users\partha\Documents\Visual Studio 2017\Projects\dotnetcoreandAngular5\dotnetcoreandAngular5\AngularApp\dist\out-tsc\src\app\app.component.spec.js.map
C:\Users\partha\Documents\Visual Studio 2017\Projects\dotnetcoreandAngular5\dotnetcoreandAngular5\AngularApp\dist\out-tsc\e2e\app.po.js
C:\Users\partha\Documents\Visual Studio 2017\Projects\dotnetcoreandAngular5\dotnetcoreandAngular5\AngularApp\dist\out-tsc\e2e\app.po.js.map
C:\Users\partha\Documents\Visual Studio 2017\Projects\dotnetcoreandAngular5\dotnetcoreandAngular5\AngularApp\dist\out-tsc\e2e\app.e2e-spec.js
C:\Users\partha\Documents\Visual Studio 2017\Projects\dotnetcoreandAngular5\dotnetcoreandAngular5\AngularApp\dist\out-tsc\e2e\app.e2e-spec.js.map
C:\Users\partha\Documents\Visual Studio 2017\Projects\dotnetcoreandAngular5\dotnetcoreandAngular5\AngularApp\dist\out-tsc\src\model\product.js
C:\Users\partha\Documents\Visual Studio 2017\Projects\dotnetcoreandAngular5\dotnetcoreandAngular5\AngularApp\dist\out-tsc\src\model\product.js.map
C:\Users\partha\Documents\Visual Studio 2017\Projects\dotnetcoreandAngular5\dotnetcoreandAngular5\AngularApp\dist\out-tsc\src\services\edit.services.js
C:\Users\partha\Documents\Visual Studio 2017\Projects\dotnetcoreandAngular5\dotnetcoreandAngular5\AngularApp\dist\out-tsc\src\services\edit.services.js.map
C:\Users\partha\Documents\Visual Studio 2017\Projects\dotnetcoreandAngular5\dotnetcoreandAngular5\AngularApp\dist\out-tsc\src\services\stock-data.services.js
C:\Users\partha\Documents\Visual Studio 2017\Projects\dotnetcoreandAngular5\dotnetcoreandAngular5\AngularApp\dist\out-tsc\src\services\stock-data.services.js.map
C:\Users\partha\Documents\Visual Studio 2017\Projects\dotnetcoreandAngular5\dotnetcoreandAngular5\AngularApp\dist\out-tsc\src\app\app.component.js
C:\Users\partha\Documents\Visual Studio 2017\Projects\dotnetcoreandAngular5\dotnetcoreandAngular5\AngularApp\dist\out-tsc\src\app\app.component.js.map
C:\Users\partha\Documents\Visual Studio 2017\Projects\dotnetcoreandAngular5\dotnetcoreandAngular5\AngularApp\dist\out-tsc\src\app\app.module.js
C:\Users\partha\Documents\Visual Studio 2017\Projects\dotnetcoreandAngular5\dotnetcoreandAngular5\AngularApp\dist\out-tsc\src\app\app.module.js.map
C:\Users\partha\Documents\Visual Studio 2017\Projects\dotnetcoreandAngular5\dotnetcoreandAngular5\AngularApp\dist\out-tsc\src\environments\environment.js
C:\Users\partha\Documents\Visual Studio 2017\Projects\dotnetcoreandAngular5\dotnetcoreandAngular5\AngularApp\dist\out-tsc\src\environments\environment.js.map
C:\Users\partha\Documents\Visual Studio 2017\Projects\dotnetcoreandAngular5\dotnetcoreandAngular5\AngularApp\dist\out-tsc\src\main.js
C:\Users\partha\Documents\Visual Studio 2017\Projects\dotnetcoreandAngular5\dotnetcoreandAngular5\AngularApp\dist\out-tsc\src\main.js.map
C:\Users\partha\Documents\Visual Studio 2017\Projects\dotnetcoreandAngular5\dotnetcoreandAngular5\AngularApp\dist\out-tsc\src\polyfills.js
C:\Users\partha\Documents\Visual Studio 2017\Projects\dotnetcoreandAngular5\dotnetcoreandAngular5\AngularApp\dist\out-tsc\src\polyfills.js.map
C:\Users\partha\Documents\Visual Studio 2017\Projects\dotnetcoreandAngular5\dotnetcoreandAngular5\AngularApp\dist\out-tsc\src\test.js
C:\Users\partha\Documents\Visual Studio 2017\Projects\dotnetcoreandAngular5\dotnetcoreandAngular5\AngularApp\dist\out-tsc\src\test.js.map
C:\Users\partha\Documents\Visual Studio 2017\Projects\dotnetcoreandAngular5\dotnetcoreandAngular5\AngularApp\dist\out-tsc\src\environments\environment.prod.js
C:\Users\partha\Documents\Visual Studio 2017\Projects\dotnetcoreandAngular5\dotnetcoreandAngular5\AngularApp\dist\out-tsc\src\environments\environment.prod.js.map
C:\Users\partha\Documents\Visual Studio 2017\Projects\dotnetcoreandAngular5\dotnetcoreandAngular5\AngularApp\dist\out-tsc\src\app\app.component.spec.js
C:\Users\partha\Documents\Visual Studio 2017\Projects\dotnetcoreandAngular5\dotnetcoreandAngular5\AngularApp\dist\out-tsc\src\app\app.component.spec.js.map
C:\Users\partha\Documents\Visual Studio 2017\Projects\dotnetcoreandAngular5\dotnetcoreandAngular5\AngularApp\dist\out-tsc\e2e\app.po.js
C:\Users\partha\Documents\Visual Studio 2017\Projects\dotnetcoreandAngular5\dotnetcoreandAngular5\AngularApp\dist\out-tsc\e2e\app.po.js.map
C:\Users\partha\Documents\Visual Studio 2017\Projects\dotnetcoreandAngular5\dotnetcoreandAngular5\AngularApp\dist\out-tsc\e2e\app.e2e-spec.js
C:\Users\partha\Documents\Visual Studio 2017\Projects\dotnetcoreandAngular5\dotnetcoreandAngular5\AngularApp\dist\out-tsc\e2e\app.e2e-spec.js.map
C:\Users\partha\Documents\Visual Studio 2017\Projects\dotnetcoreandAngular5\dotnetcoreandAngular5\AngularApp\dist\out-tsc\src\model\product.js
C:\Users\partha\Documents\Visual Studio 2017\Projects\dotnetcoreandAngular5\dotnetcoreandAngular5\AngularApp\dist\out-tsc\src\model\product.js.map
C:\Users\partha\Documents\Visual Studio 2017\Projects\dotnetcoreandAngular5\dotnetcoreandAngular5\AngularApp\dist\out-tsc\src\services\edit.services.js
C:\Users\partha\Documents\Visual Studio 2017\Projects\dotnetcoreandAngular5\dotnetcoreandAngular5\AngularApp\dist\out-tsc\src\services\edit.services.js.map
C:\Users\partha\Documents\Visual Studio 2017\Projects\dotnetcoreandAngular5\dotnetcoreandAngular5\AngularApp\dist\out-tsc\src\services\stock-data.services.js
C:\Users\partha\Documents\Visual Studio 2017\Projects\dotnetcoreandAngular5\dotnetcoreandAngular5\AngularApp\dist\out-tsc\src\services\stock-data.services.js.map
C:\Users\partha\Documents\Visual Studio 2017\Projects\dotnetcoreandAngular5\dotnetcoreandAngular5\AngularApp\dist\out-tsc\src\app\app.component.js
C:\Users\partha\Documents\Visual Studio 2017\Projects\dotnetcoreandAngular5\dotnetcoreandAngular5\AngularApp\dist\out-tsc\src\app\app.component.js.map
C:\Users\partha\Documents\Visual Studio 2017\Projects\dotnetcoreandAngular5\dotnetcoreandAngular5\AngularApp\dist\out-tsc\src\app\app.module.js
C:\Users\partha\Documents\Visual Studio 2017\Projects\dotnetcoreandAngular5\dotnetcoreandAngular5\AngularApp\dist\out-tsc\src\app\app.module.js.map
C:\Users\partha\Documents\Visual Studio 2017\Projects\dotnetcoreandAngular5\dotnetcoreandAngular5\AngularApp\dist\out-tsc\src\environments\environment.js
C:\Users\partha\Documents\Visual Studio 2017\Projects\dotnetcoreandAngular5\dotnetcoreandAngular5\AngularApp\dist\out-tsc\src\environments\environment.js.map
C:\Users\partha\Documents\Visual Studio 2017\Projects\dotnetcoreandAngular5\dotnetcoreandAngular5\AngularApp\dist\out-tsc\src\main.js
C:\Users\partha\Documents\Visual Studio 2017\Projects\dotnetcoreandAngular5\dotnetcoreandAngular5\AngularApp\dist\out-tsc\src\main.js.map
C:\Users\partha\Documents\Visual Studio 2017\Projects\dotnetcoreandAngular5\dotnetcoreandAngular5\AngularApp\dist\out-tsc\src\polyfills.js
C:\Users\partha\Documents\Visual Studio 2017\Projects\dotnetcoreandAngular5\dotnetcoreandAngular5\AngularApp\dist\out-tsc\src\polyfills.js.map
C:\Users\partha\Documents\Visual Studio 2017\Projects\dotnetcoreandAngular5\dotnetcoreandAngular5\AngularApp\dist\out-tsc\src\test.js
C:\Users\partha\Documents\Visual Studio 2017\Projects\dotnetcoreandAngular5\dotnetcoreandAngular5\AngularApp\dist\out-tsc\src\test.js.map
C:\Users\partha\Documents\Visual Studio 2017\Projects\dotnetcoreandAngular5\dotnetcoreandAngular5\AngularApp\dist\out-tsc\src\environments\environment.prod.js
C:\Users\partha\Documents\Visual Studio 2017\Projects\dotnetcoreandAngular5\dotnetcoreandAngular5\AngularApp\dist\out-tsc\src\environments\environment.prod.js.map
C:\Users\partha\Documents\Visual Studio 2017\Projects\dotnetcoreandAngular5\dotnetcoreandAngular5\AngularApp\dist\out-tsc\src\app\app.component.spec.js
C:\Users\partha\Documents\Visual Studio 2017\Projects\dotnetcoreandAngular5\dotnetcoreandAngular5\AngularApp\dist\out-tsc\src\app\app.component.spec.js.map
C:\Users\partha\Documents\Visual Studio 2017\Projects\dotnetcoreandAngular5\dotnetcoreandAngular5\AngularApp\dist\out-tsc\e2e\app.po.js
C:\Users\partha\Documents\Visual Studio 2017\Projects\dotnetcoreandAngular5\dotnetcoreandAngular5\AngularApp\dist\out-tsc\e2e\app.po.js.map
C:\Users\partha\Documents\Visual Studio 2017\Projects\dotnetcoreandAngular5\dotnetcoreandAngular5\AngularApp\dist\out-tsc\e2e\app.e2e-spec.js
C:\Users\partha\Documents\Visual Studio 2017\Projects\dotnetcoreandAngular5\dotnetcoreandAngular5\AngularApp\dist\out-tsc\e2e\app.e2e-spec.js.map
C:\Users\partha\Documents\Visual Studio 2017\Projects\dotnetcoreandAngular5\dotnetcoreandAngular5\AngularApp\dist\out-tsc\src\model\product.js
C:\Users\partha\Documents\Visual Studio 2017\Projects\dotnetcoreandAngular5\dotnetcoreandAngular5\AngularApp\dist\out-tsc\src\model\product.js.map
C:\Users\partha\Documents\Visual Studio 2017\Projects\dotnetcoreandAngular5\dotnetcoreandAngular5\AngularApp\dist\out-tsc\src\services\edit.services.js
C:\Users\partha\Documents\Visual Studio 2017\Projects\dotnetcoreandAngular5\dotnetcoreandAngular5\AngularApp\dist\out-tsc\src\services\edit.services.js.map
C:\Users\partha\Documents\Visual Studio 2017\Projects\dotnetcoreandAngular5\dotnetcoreandAngular5\AngularApp\dist\out-tsc\src\services\stock-data.services.js
C:\Users\partha\Documents\Visual Studio 2017\Projects\dotnetcoreandAngular5\dotnetcoreandAngular5\AngularApp\dist\out-tsc\src\services\stock-data.services.js.map
C:\Users\partha\Documents\Visual Studio 2017\Projects\dotnetcoreandAngular5\dotnetcoreandAngular5\AngularApp\dist\out-tsc\src\app\app.component.js
C:\Users\partha\Documents\Visual Studio 2017\Projects\dotnetcoreandAngular5\dotnetcoreandAngular5\AngularApp\dist\out-tsc\src\app\app.component.js.map
C:\Users\partha\Documents\Visual Studio 2017\Projects\dotnetcoreandAngular5\dotnetcoreandAngular5\AngularApp\dist\out-tsc\src\app\app.module.js
C:\Users\partha\Documents\Visual Studio 2017\Projects\dotnetcoreandAngular5\dotnetcoreandAngular5\AngularApp\dist\out-tsc\src\app\app.module.js.map
C:\Users\partha\Documents\Visual Studio 2017\Projects\dotnetcoreandAngular5\dotnetcoreandAngular5\AngularApp\dist\out-tsc\src\environments\environment.js
C:\Users\partha\Documents\Visual Studio 2017\Projects\dotnetcoreandAngular5\dotnetcoreandAngular5\AngularApp\dist\out-tsc\src\environments\environment.js.map
C:\Users\partha\Documents\Visual Studio 2017\Projects\dotnetcoreandAngular5\dotnetcoreandAngular5\AngularApp\dist\out-tsc\src\main.js
C:\Users\partha\Documents\Visual Studio 2017\Projects\dotnetcoreandAngular5\dotnetcoreandAngular5\AngularApp\dist\out-tsc\src\main.js.map
C:\Users\partha\Documents\Visual Studio 2017\Projects\dotnetcoreandAngular5\dotnetcoreandAngular5\AngularApp\dist\out-tsc\src\polyfills.js
C:\Users\partha\Documents\Visual Studio 2017\Projects\dotnetcoreandAngular5\dotnetcoreandAngular5\AngularApp\dist\out-tsc\src\polyfills.js.map
C:\Users\partha\Documents\Visual Studio 2017\Projects\dotnetcoreandAngular5\dotnetcoreandAngular5\AngularApp\dist\out-tsc\src\test.js
C:\Users\partha\Documents\Visual Studio 2017\Projects\dotnetcoreandAngular5\dotnetcoreandAngular5\AngularApp\dist\out-tsc\src\test.js.map
C:\Users\partha\Documents\Visual Studio 2017\Projects\dotnetcoreandAngular5\dotnetcoreandAngular5\AngularApp\dist\out-tsc\src\environments\environment.prod.js
C:\Users\partha\Documents\Visual Studio 2017\Projects\dotnetcoreandAngular5\dotnetcoreandAngular5\AngularApp\dist\out-tsc\src\environments\environment.prod.js.map
C:\Users\partha\Documents\Visual Studio 2017\Projects\dotnetcoreandAngular5\dotnetcoreandAngular5\AngularApp\dist\out-tsc\src\app\app.component.spec.js
C:\Users\partha\Documents\Visual Studio 2017\Projects\dotnetcoreandAngular5\dotnetcoreandAngular5\AngularApp\dist\out-tsc\src\app\app.component.spec.js.map
C:\Users\partha\Documents\Visual Studio 2017\Projects\dotnetcoreandAngular5\dotnetcoreandAngular5\AngularApp\dist\out-tsc\e2e\app.po.js
C:\Users\partha\Documents\Visual Studio 2017\Projects\dotnetcoreandAngular5\dotnetcoreandAngular5\AngularApp\dist\out-tsc\e2e\app.po.js.map
C:\Users\partha\Documents\Visual Studio 2017\Projects\dotnetcoreandAngular5\dotnetcoreandAngular5\AngularApp\dist\out-tsc\e2e\app.e2e-spec.js
C:\Users\partha\Documents\Visual Studio 2017\Projects\dotnetcoreandAngular5\dotnetcoreandAngular5\AngularApp\dist\out-tsc\e2e\app.e2e-spec.js.map
C:\Users\partha\Documents\Visual Studio 2017\Projects\dotnetcoreandAngular5\dotnetcoreandAngular5\AngularApp\dist\out-tsc\src\model\product.js
C:\Users\partha\Documents\Visual Studio 2017\Projects\dotnetcoreandAngular5\dotnetcoreandAngular5\AngularApp\dist\out-tsc\src\model\product.js.map
C:\Users\partha\Documents\Visual Studio 2017\Projects\dotnetcoreandAngular5\dotnetcoreandAngular5\AngularApp\dist\out-tsc\src\services\edit.services.js
C:\Users\partha\Documents\Visual Studio 2017\Projects\dotnetcoreandAngular5\dotnetcoreandAngular5\AngularApp\dist\out-tsc\src\services\edit.services.js.map
C:\Users\partha\Documents\Visual Studio 2017\Projects\dotnetcoreandAngular5\dotnetcoreandAngular5\AngularApp\dist\out-tsc\src\services\stock-data.services.js
C:\Users\partha\Documents\Visual Studio 2017\Projects\dotnetcoreandAngular5\dotnetcoreandAngular5\AngularApp\dist\out-tsc\src\services\stock-data.services.js.map
C:\Users\partha\Documents\Visual Studio 2017\Projects\dotnetcoreandAngular5\dotnetcoreandAngular5\AngularApp\dist\out-tsc\src\app\app.component.js
C:\Users\partha\Documents\Visual Studio 2017\Projects\dotnetcoreandAngular5\dotnetcoreandAngular5\AngularApp\dist\out-tsc\src\app\app.component.js.map
C:\Users\partha\Documents\Visual Studio 2017\Projects\dotnetcoreandAngular5\dotnetcoreandAngular5\AngularApp\dist\out-tsc\src\app\app.module.js
C:\Users\partha\Documents\Visual Studio 2017\Projects\dotnetcoreandAngular5\dotnetcoreandAngular5\AngularApp\dist\out-tsc\src\app\app.module.js.map
C:\Users\partha\Documents\Visual Studio 2017\Projects\dotnetcoreandAngular5\dotnetcoreandAngular5\AngularApp\dist\out-tsc\src\environments\environment.js
C:\Users\partha\Documents\Visual Studio 2017\Projects\dotnetcoreandAngular5\dotnetcoreandAngular5\AngularApp\dist\out-tsc\src\environments\environment.js.map
C:\Users\partha\Documents\Visual Studio 2017\Projects\dotnetcoreandAngular5\dotnetcoreandAngular5\AngularApp\dist\out-tsc\src\main.js
C:\Users\partha\Documents\Visual Studio 2017\Projects\dotnetcoreandAngular5\dotnetcoreandAngular5\AngularApp\dist\out-tsc\src\main.js.map
C:\Users\partha\Documents\Visual Studio 2017\Projects\dotnetcoreandAngular5\dotnetcoreandAngular5\AngularApp\dist\out-tsc\src\polyfills.js
C:\Users\partha\Documents\Visual Studio 2017\Projects\dotnetcoreandAngular5\dotnetcoreandAngular5\AngularApp\dist\out-tsc\src\polyfills.js.map
C:\Users\partha\Documents\Visual Studio 2017\Projects\dotnetcoreandAngular5\dotnetcoreandAngular5\AngularApp\dist\out-tsc\src\test.js
C:\Users\partha\Documents\Visual Studio 2017\Projects\dotnetcoreandAngular5\dotnetcoreandAngular5\AngularApp\dist\out-tsc\src\test.js.map
C:\Users\partha\Documents\Visual Studio 2017\Projects\dotnetcoreandAngular5\dotnetcoreandAngular5\AngularApp\dist\out-tsc\src\environments\environment.prod.js
C:\Users\partha\Documents\Visual Studio 2017\Projects\dotnetcoreandAngular5\dotnetcoreandAngular5\AngularApp\dist\out-tsc\src\environments\environment.prod.js.map
C:\Users\partha\Documents\Visual Studio 2017\Projects\dotnetcoreandAngular5\dotnetcoreandAngular5\AngularApp\dist\out-tsc\src\app\app.component.spec.js
C:\Users\partha\Documents\Visual Studio 2017\Projects\dotnetcoreandAngular5\dotnetcoreandAngular5\AngularApp\dist\out-tsc\src\app\app.component.spec.js.map
C:\Users\partha\Documents\Visual Studio 2017\Projects\dotnetcoreandAngular5\dotnetcoreandAngular5\AngularApp\dist\out-tsc\e2e\app.po.js
C:\Users\partha\Documents\Visual Studio 2017\Projects\dotnetcoreandAngular5\dotnetcoreandAngular5\AngularApp\dist\out-tsc\e2e\app.po.js.map
C:\Users\partha\Documents\Visual Studio 2017\Projects\dotnetcoreandAngular5\dotnetcoreandAngular5\AngularApp\dist\out-tsc\e2e\app.e2e-spec.js
C:\Users\partha\Documents\Visual Studio 2017\Projects\dotnetcoreandAngular5\dotnetcoreandAngular5\AngularApp\dist\out-tsc\e2e\app.e2e-spec.js.map
C:\Users\partha\Documents\Visual Studio 2017\Projects\dotnetcoreandAngular5\dotnetcoreandAngular5\AngularApp\dist\out-tsc\src\model\product.js
C:\Users\partha\Documents\Visual Studio 2017\Projects\dotnetcoreandAngular5\dotnetcoreandAngular5\AngularApp\dist\out-tsc\src\model\product.js.map
C:\Users\partha\Documents\Visual Studio 2017\Projects\dotnetcoreandAngular5\dotnetcoreandAngular5\AngularApp\dist\out-tsc\src\services\edit.services.js
C:\Users\partha\Documents\Visual Studio 2017\Projects\dotnetcoreandAngular5\dotnetcoreandAngular5\AngularApp\dist\out-tsc\src\services\edit.services.js.map
C:\Users\partha\Documents\Visual Studio 2017\Projects\dotnetcoreandAngular5\dotnetcoreandAngular5\AngularApp\dist\out-tsc\src\services\stock-data.services.js
C:\Users\partha\Documents\Visual Studio 2017\Projects\dotnetcoreandAngular5\dotnetcoreandAngular5\AngularApp\dist\out-tsc\src\services\stock-data.services.js.map
C:\Users\partha\Documents\Visual Studio 2017\Projects\dotnetcoreandAngular5\dotnetcoreandAngular5\AngularApp\dist\out-tsc\src\app\app.component.js
C:\Users\partha\Documents\Visual Studio 2017\Projects\dotnetcoreandAngular5\dotnetcoreandAngular5\AngularApp\dist\out-tsc\src\app\app.component.js.map
C:\Users\partha\Documents\Visual Studio 2017\Projects\dotnetcoreandAngular5\dotnetcoreandAngular5\AngularApp\dist\out-tsc\src\app\app.module.js
C:\Users\partha\Documents\Visual Studio 2017\Projects\dotnetcoreandAngular5\dotnetcoreandAngular5\AngularApp\dist\out-tsc\src\app\app.module.js.map
C:\Users\partha\Documents\Visual Studio 2017\Projects\dotnetcoreandAngular5\dotnetcoreandAngular5\AngularApp\dist\out-tsc\src\environments\environment.js
C:\Users\partha\Documents\Visual Studio 2017\Projects\dotnetcoreandAngular5\dotnetcoreandAngular5\AngularApp\dist\out-tsc\src\environments\environment.js.map
C:\Users\partha\Documents\Visual Studio 2017\Projects\dotnetcoreandAngular5\dotnetcoreandAngular5\AngularApp\dist\out-tsc\src\main.js
C:\Users\partha\Documents\Visual Studio 2017\Projects\dotnetcoreandAngular5\dotnetcoreandAngular5\AngularApp\dist\out-tsc\src\main.js.map
C:\Users\partha\Documents\Visual Studio 2017\Projects\dotnetcoreandAngular5\dotnetcoreandAngular5\AngularApp\dist\out-tsc\src\polyfills.js
C:\Users\partha\Documents\Visual Studio 2017\Projects\dotnetcoreandAngular5\dotnetcoreandAngular5\AngularApp\dist\out-tsc\src\polyfills.js.map
C:\Users\partha\Documents\Visual Studio 2017\Projects\dotnetcoreandAngular5\dotnetcoreandAngular5\AngularApp\dist\out-tsc\src\test.js
C:\Users\partha\Documents\Visual Studio 2017\Projects\dotnetcoreandAngular5\dotnetcoreandAngular5\AngularApp\dist\out-tsc\src\test.js.map
C:\Users\partha\Documents\Visual Studio 2017\Projects\dotnetcoreandAngular5\dotnetcoreandAngular5\AngularApp\dist\out-tsc\src\environments\environment.prod.js
C:\Users\partha\Documents\Visual Studio 2017\Projects\dotnetcoreandAngular5\dotnetcoreandAngular5\AngularApp\dist\out-tsc\src\environments\environment.prod.js.map
C:\Users\partha\Documents\Visual Studio 2017\Projects\dotnetcoreandAngular5\dotnetcoreandAngular5\AngularApp\dist\out-tsc\src\app\app.component.spec.js
C:\Users\partha\Documents\Visual Studio 2017\Projects\dotnetcoreandAngular5\dotnetcoreandAngular5\AngularApp\dist\out-tsc\src\app\app.component.spec.js.map
C:\Users\partha\Documents\Visual Studio 2017\Projects\dotnetcoreandAngular5\dotnetcoreandAngular5\AngularApp\dist\out-tsc\e2e\app.po.js
C:\Users\partha\Documents\Visual Studio 2017\Projects\dotnetcoreandAngular5\dotnetcoreandAngular5\AngularApp\dist\out-tsc\e2e\app.po.js.map
C:\Users\partha\Documents\Visual Studio 2017\Projects\dotnetcoreandAngular5\dotnetcoreandAngular5\AngularApp\dist\out-tsc\e2e\app.e2e-spec.js
C:\Users\partha\Documents\Visual Studio 2017\Projects\dotnetcoreandAngular5\dotnetcoreandAngular5\AngularApp\dist\out-tsc\e2e\app.e2e-spec.js.map
C:\Users\partha\Documents\Visual Studio 2017\Projects\dotnetcoreandAngular5\dotnetcoreandAngular5\AngularApp\dist\out-tsc\src\model\product.js
C:\Users\partha\Documents\Visual Studio 2017\Projects\dotnetcoreandAngular5\dotnetcoreandAngular5\AngularApp\dist\out-tsc\src\model\product.js.map
C:\Users\partha\Documents\Visual Studio 2017\Projects\dotnetcoreandAngular5\dotnetcoreandAngular5\AngularApp\dist\out-tsc\src\services\edit.services.js
C:\Users\partha\Documents\Visual Studio 2017\Projects\dotnetcoreandAngular5\dotnetcoreandAngular5\AngularApp\dist\out-tsc\src\services\edit.services.js.map
C:\Users\partha\Documents\Visual Studio 2017\Projects\dotnetcoreandAngular5\dotnetcoreandAngular5\AngularApp\dist\out-tsc\src\services\stock-data.services.js
C:\Users\partha\Documents\Visual Studio 2017\Projects\dotnetcoreandAngular5\dotnetcoreandAngular5\AngularApp\dist\out-tsc\src\services\stock-data.services.js.map
C:\Users\partha\Documents\Visual Studio 2017\Projects\dotnetcoreandAngular5\dotnetcoreandAngular5\AngularApp\dist\out-tsc\src\app\app.component.js
C:\Users\partha\Documents\Visual Studio 2017\Projects\dotnetcoreandAngular5\dotnetcoreandAngular5\AngularApp\dist\out-tsc\src\app\app.component.js.map
C:\Users\partha\Documents\Visual Studio 2017\Projects\dotnetcoreandAngular5\dotnetcoreandAngular5\AngularApp\dist\out-tsc\src\app\app.module.js
C:\Users\partha\Documents\Visual Studio 2017\Projects\dotnetcoreandAngular5\dotnetcoreandAngular5\AngularApp\dist\out-tsc\src\app\app.module.js.map
C:\Users\partha\Documents\Visual Studio 2017\Projects\dotnetcoreandAngular5\dotnetcoreandAngular5\AngularApp\dist\out-tsc\src\environments\environment.js
C:\Users\partha\Documents\Visual Studio 2017\Projects\dotnetcoreandAngular5\dotnetcoreandAngular5\AngularApp\dist\out-tsc\src\environments\environment.js.map
C:\Users\partha\Documents\Visual Studio 2017\Projects\dotnetcoreandAngular5\dotnetcoreandAngular5\AngularApp\dist\out-tsc\src\main.js
C:\Users\partha\Documents\Visual Studio 2017\Projects\dotnetcoreandAngular5\dotnetcoreandAngular5\AngularApp\dist\out-tsc\src\main.js.map
C:\Users\partha\Documents\Visual Studio 2017\Projects\dotnetcoreandAngular5\dotnetcoreandAngular5\AngularApp\dist\out-tsc\src\polyfills.js
C:\Users\partha\Documents\Visual Studio 2017\Projects\dotnetcoreandAngular5\dotnetcoreandAngular5\AngularApp\dist\out-tsc\src\polyfills.js.map
C:\Users\partha\Documents\Visual Studio 2017\Projects\dotnetcoreandAngular5\dotnetcoreandAngular5\AngularApp\dist\out-tsc\src\test.js
C:\Users\partha\Documents\Visual Studio 2017\Projects\dotnetcoreandAngular5\dotnetcoreandAngular5\AngularApp\dist\out-tsc\src\test.js.map
C:\Users\partha\Documents\Visual Studio 2017\Projects\dotnetcoreandAngular5\dotnetcoreandAngular5\AngularApp\dist\out-tsc\src\environments\environment.prod.js
C:\Users\partha\Documents\Visual Studio 2017\Projects\dotnetcoreandAngular5\dotnetcoreandAngular5\AngularApp\dist\out-tsc\src\environments\environment.prod.js.map
C:\Users\partha\Documents\Visual Studio 2017\Projects\dotnetcoreandAngular5\dotnetcoreandAngular5\AngularApp\dist\out-tsc\src\app\app.component.spec.js
C:\Users\partha\Documents\Visual Studio 2017\Projects\dotnetcoreandAngular5\dotnetcoreandAngular5\AngularApp\dist\out-tsc\src\app\app.component.spec.js.map
C:\Users\partha\Documents\Visual Studio 2017\Projects\dotnetcoreandAngular5\dotnetcoreandAngular5\AngularApp\dist\out-tsc\e2e\app.po.js
C:\Users\partha\Documents\Visual Studio 2017\Projects\dotnetcoreandAngular5\dotnetcoreandAngular5\AngularApp\dist\out-tsc\e2e\app.po.js.map
C:\Users\partha\Documents\Visual Studio 2017\Projects\dotnetcoreandAngular5\dotnetcoreandAngular5\AngularApp\dist\out-tsc\e2e\app.e2e-spec.js
C:\Users\partha\Documents\Visual Studio 2017\Projects\dotnetcoreandAngular5\dotnetcoreandAngular5\AngularApp\dist\out-tsc\e2e\app.e2e-spec.js.map
